<?xml version="1.0" encoding="UTF-8"?>
<!-- Generated by org.testng.reporters.JUnitXMLReporter -->
<testsuite hostname="LAPTOP-RI237U6O" ignored="0" name="Default test" tests="3" failures="0" timestamp="2022-05-22T20:51:30 EDT" time="5.929" errors="0">
  <testcase name="loginImgTesting" time="0.078" classname="com.slabs.qa.tests.LoginTest"/>
  <testcase name="loginLogoTesting" time="0.039" classname="com.slabs.qa.tests.LoginTest"/>
  <testcase name="loginTesting" time="0.0" classname="com.slabs.qa.tests.LoginTest">
    <skipped/>
  </testcase> <!-- loginTesting -->
</testsuite> <!-- Default test -->
