<?xml version="1.0" encoding="UTF-8"?>
<!-- Generated by org.testng.reporters.JUnitXMLReporter -->
<testsuite hostname="LAPTOP-RI237U6O" ignored="0" name="SwagLabs App Testcases" tests="6" failures="0" timestamp="2022-05-25T22:17:35 EDT" time="23.649" errors="0">
  <testcase name="loginImgTesting" time="0.056" classname="com.slabs.qa.tests.LoginTest"/>
  <testcase name="loginLogoTesting" time="0.039" classname="com.slabs.qa.tests.LoginTest"/>
  <testcase name="loginTesting" time="0.209" classname="com.slabs.qa.tests.LoginTest"/>
  <testcase name="homeTitleTest" time="0.035" classname="com.slabs.qa.tests.HomeTest"/>
  <testcase name="cartIconTesting" time="5.042" classname="com.slabs.qa.tests.HomeTest"/>
  <testcase name="addToCartTest" time="3.105" classname="com.slabs.qa.tests.HomeTest"/>
</testsuite> <!-- SwagLabs App Testcases -->
