<?xml version="1.0" encoding="UTF-8"?>
<!-- Generated by org.testng.reporters.JUnitXMLReporter -->
<testsuite hostname="LAPTOP-RI237U6O" ignored="0" name="SwagLabs App Testcases" tests="6" failures="0" timestamp="2022-05-25T22:16:05 EDT" time="24.765" errors="0">
  <testcase name="loginImgTesting" time="0.051" classname="com.slabs.qa.tests.LoginTest"/>
  <testcase name="loginLogoTesting" time="0.031" classname="com.slabs.qa.tests.LoginTest"/>
  <testcase name="loginTesting" time="0.229" classname="com.slabs.qa.tests.LoginTest"/>
  <testcase name="homeTitleTest" time="0.083" classname="com.slabs.qa.tests.HomeTest"/>
  <testcase name="cartIconTesting" time="5.025" classname="com.slabs.qa.tests.HomeTest"/>
  <testcase name="addToCartTest" time="3.186" classname="com.slabs.qa.tests.HomeTest"/>
</testsuite> <!-- SwagLabs App Testcases -->
